<?xml version="1.0" encoding="UTF-8"?>
<!-- Generated by org.testng.reporters.JUnitReportReporter -->
<testsuite skipped="0" hostname="DESKTOP-NMK8K30" name="com.actitime.timetrack.Demo" tests="1" failures="0" timestamp="2020-08-10T13:14:06 IST" time="0.032" errors="0">
  <testcase name="runTest" time="0.032" classname="com.actitime.timetrack.Demo"/>
  <system-out>
success  </system-out>
</testsuite> <!-- com.actitime.timetrack.Demo -->
